#
# There is insufficient memory for the Java Runtime Environment to continue.
# Native memory allocation (mmap) failed to map 134217728 bytes for Failed to commit area from 0x0000000080800000 to 0x0000000088800000 of length 134217728.
# Possible reasons:
#   The system is out of physical RAM or swap space
#   The process is running with CompressedOops enabled, and the Java Heap may be blocking the growth of the native heap
# Possible solutions:
#   Reduce memory load on the system
#   Increase physical memory or swap space
#   Check if swap backing store is full
#   Decrease Java heap size (-Xmx/-Xms)
#   Decrease number of Java threads
#   Decrease Java thread stack sizes (-Xss)
#   Set larger code cache with -XX:ReservedCodeCacheSize=
#   JVM is running with Unscaled Compressed Oops mode in which the Java heap is
#     placed in the first 4GB address space. The Java Heap base address is the
#     maximum limit for the native heap growth. Please use -XX:HeapBaseMinAddress
#     to set the Java Heap base and to place the Java Heap above 4GB virtual address.
# This output file may be truncated or incomplete.
#
#  Out of Memory Error (./open/src/hotspot/os/windows/os_windows.cpp:3315), pid=8500, tid=7684
#
# JRE version:  (14.0.1+7) (build )
# Java VM: Java HotSpot(TM) 64-Bit Server VM (14.0.1+7, mixed mode, sharing, tiered, compressed oops, g1 gc, windows-amd64)
# No core dump will be written. Minidumps are not enabled by default on client versions of Windows
#

---------------  S U M M A R Y ------------

Command Line: -XX:TieredStopAtLevel=1 com.reb.springboot.Application

Host: Intel(R) Core(TM) i5-3470 CPU @ 3.20GHz, 4 cores, 7G,  Windows 10 , 64 bit Build 18362 (10.0.18362.959)
Time: Thu Aug 27 16:02:13 2020 Paris, Madrid (heure d?été) elapsed time: 0 seconds (0d 0h 0m 0s)

---------------  T H R E A D  ---------------

Current thread (0x0000018cbc694800):  JavaThread "Unknown thread" [_thread_in_vm, id=7684, stack(0x00000029fa100000,0x00000029fa200000)]

Stack: [0x00000029fa100000,0x00000029fa200000]
Native frames: (J=compiled Java code, j=interpreted, Vv=VM code, C=native code)
V  [jvm.dll+0x5f840a]
V  [jvm.dll+0x741e4a]
V  [jvm.dll+0x7435ff]
V  [jvm.dll+0x743c43]
V  [jvm.dll+0x20d288]
V  [jvm.dll+0x5f57ba]
V  [jvm.dll+0x5ea615]
V  [jvm.dll+0x2c7e9c]
V  [jvm.dll+0x2c7cd2]
V  [jvm.dll+0x2cdbbc]
V  [jvm.dll+0x313ff8]
V  [jvm.dll+0x313720]
V  [jvm.dll+0x2a092a]
V  [jvm.dll+0x2a1a79]
V  [jvm.dll+0x71f718]
V  [jvm.dll+0x321c44]
V  [jvm.dll+0x700b0c]
V  [jvm.dll+0x392dff]
V  [jvm.dll+0x394e71]
C  [jli.dll+0x523b]
C  [ucrtbase.dll+0x20e82]
C  [KERNEL32.DLL+0x17bd4]
C  [ntdll.dll+0x6ce51]


---------------  P R O C E S S  ---------------

Threads class SMR info:
_java_thread_list=0x00007ff9f4543078, length=0, elements={
}

Java Threads: ( => current thread )

Other Threads:
  0x0000018cbc6d6000 GCTaskThread "GC Thread#0" [stack: 0x00000029fa200000,0x00000029fa300000] [id=1272]
  0x0000018cbc6e9800 ConcurrentGCThread "G1 Main Marker" [stack: 0x00000029fa300000,0x00000029fa400000] [id=3180]
  0x0000018cbc6eb000 ConcurrentGCThread "G1 Conc#0" [stack: 0x00000029fa400000,0x00000029fa500000] [id=6908]

[error occurred during error reporting (printing all threads), id 0xc0000005, EXCEPTION_ACCESS_VIOLATION (0xc0000005) at pc=0x00007ff9f3d71257]

VM state:not at safepoint (not fully initialized)

VM Mutex/Monitor currently owned by a thread:  ([mutex/lock_event])
[0x0000018cbc691f10] Heap_lock - owner thread: 0x0000018cbc694800

Heap address: 0x0000000080800000, size: 2040 MB, Compressed Oops mode: 32-bit
Narrow klass base: 0x0000000000000000, Narrow klass shift: 0

GC Heap History (0 events):
No events

Deoptimization events (0 events):
No events

Classes unloaded (0 events):
No events

Classes redefined (0 events):
No events

Internal exceptions (0 events):
No events

Events (2 events):
Event: 0.006 Loaded shared library C:\Program Files\Java\jdk-14.0.1\bin\java.dll
Event: 0.007 Loaded shared library C:\Program Files\Java\jdk-14.0.1\bin\zip.dll


Dynamic libraries:
0x00007ff6940f0000 - 0x00007ff6940ff000 	C:\Program Files\Java\jdk-14.0.1\bin\java.exe
0x00007ffa58120000 - 0x00007ffa58310000 	C:\WINDOWS\SYSTEM32\ntdll.dll
0x00007ffa56cd0000 - 0x00007ffa56d82000 	C:\WINDOWS\System32\KERNEL32.DLL
0x00007ffa550a0000 - 0x00007ffa55344000 	C:\WINDOWS\System32\KERNELBASE.dll
0x00007ffa55350000 - 0x00007ffa5544a000 	C:\WINDOWS\System32\ucrtbase.dll
0x00007ffa4db60000 - 0x00007ffa4db78000 	C:\Program Files\Java\jdk-14.0.1\bin\jli.dll
0x00007ffa576e0000 - 0x00007ffa57783000 	C:\WINDOWS\System32\ADVAPI32.dll
0x00007ffa57f20000 - 0x00007ffa57fbe000 	C:\WINDOWS\System32\msvcrt.dll
0x00007ffa57790000 - 0x00007ffa57827000 	C:\WINDOWS\System32\sechost.dll
0x00007ffa57fc0000 - 0x00007ffa580e0000 	C:\WINDOWS\System32\RPCRT4.dll
0x00007ffa579e0000 - 0x00007ffa57b75000 	C:\WINDOWS\System32\USER32.dll
0x00007ffa55450000 - 0x00007ffa55471000 	C:\WINDOWS\System32\win32u.dll
0x00007ffa57480000 - 0x00007ffa574a6000 	C:\WINDOWS\System32\GDI32.dll
0x00007ffa55db0000 - 0x00007ffa55f46000 	C:\WINDOWS\System32\gdi32full.dll
0x00007ffa55d10000 - 0x00007ffa55dae000 	C:\WINDOWS\System32\msvcp_win.dll
0x00007ffa4e060000 - 0x00007ffa4e075000 	C:\Program Files\Java\jdk-14.0.1\bin\VCRUNTIME140.dll
0x00007ffa4a890000 - 0x00007ffa4ab14000 	C:\WINDOWS\WinSxS\amd64_microsoft.windows.common-controls_6595b64144ccf1df_6.0.18362.1016_none_9e7a36bbe461dae4\COMCTL32.dll
0x00007ffa56290000 - 0x00007ffa565c5000 	C:\WINDOWS\System32\combase.dll
0x00007ffa55480000 - 0x00007ffa55500000 	C:\WINDOWS\System32\bcryptPrimitives.dll
0x00007ffa4f9a0000 - 0x00007ffa4f9aa000 	C:\WINDOWS\SYSTEM32\VERSION.dll
0x00007ffa57ef0000 - 0x00007ffa57f1e000 	C:\WINDOWS\System32\IMM32.DLL
0x00007ffa2b110000 - 0x00007ffa2b1ab000 	C:\Program Files\Java\jdk-14.0.1\bin\msvcp140.dll
0x00007ff9f3ac0000 - 0x00007ff9f45de000 	C:\Program Files\Java\jdk-14.0.1\bin\server\jvm.dll
0x00007ffa579d0000 - 0x00007ffa579d8000 	C:\WINDOWS\System32\PSAPI.DLL
0x00007ffa3ef60000 - 0x00007ffa3ef69000 	C:\WINDOWS\SYSTEM32\WSOCK32.dll
0x00007ffa57e80000 - 0x00007ffa57eef000 	C:\WINDOWS\System32\WS2_32.dll
0x00007ffa53000000 - 0x00007ffa53024000 	C:\WINDOWS\SYSTEM32\WINMM.dll
0x00007ffa52f80000 - 0x00007ffa52fad000 	C:\WINDOWS\SYSTEM32\WINMMBASE.dll
0x00007ffa56180000 - 0x00007ffa561ca000 	C:\WINDOWS\System32\cfgmgr32.dll
0x00007ffa55030000 - 0x00007ffa55041000 	C:\WINDOWS\System32\kernel.appcore.dll
0x00007ffa4e0e0000 - 0x00007ffa4e0ea000 	C:\Program Files\Java\jdk-14.0.1\bin\jimage.dll
0x00007ffa38460000 - 0x00007ffa38654000 	C:\WINDOWS\SYSTEM32\DBGHELP.DLL
0x00007ffa38330000 - 0x00007ffa3835a000 	C:\WINDOWS\SYSTEM32\dbgcore.DLL
0x00007ffa360c0000 - 0x00007ffa360e5000 	C:\Program Files\Java\jdk-14.0.1\bin\java.dll
0x00007ffa4b760000 - 0x00007ffa4b776000 	C:\Program Files\Java\jdk-14.0.1\bin\zip.dll

dbghelp: loaded successfully - version: 4.0.5 - missing functions: none
symbol engine: initialized successfully - sym options: 0x614 - pdb path: .;C:\Program Files\Java\jdk-14.0.1\bin;C:\WINDOWS\SYSTEM32;C:\WINDOWS\WinSxS\amd64_microsoft.windows.common-controls_6595b64144ccf1df_6.0.18362.1016_none_9e7a36bbe461dae4;C:\Program Files\Java\jdk-14.0.1\bin\server

VM Arguments:
jvm_args: -XX:TieredStopAtLevel=1 
java_command: com.reb.springboot.Application
java_class_path (initial): C:\coding\airbnb-springboot\target\classes;C:\Users\REMI\.m2\repository\org\springframework\boot\spring-boot-starter-web\2.2.2.RELEASE\spring-boot-starter-web-2.2.2.RELEASE.jar;C:\Users\REMI\.m2\repository\org\springframework\boot\spring-boot-starter\2.2.2.RELEASE\spring-boot-starter-2.2.2.RELEASE.jar;C:\Users\REMI\.m2\repository\org\springframework\boot\spring-boot\2.2.2.RELEASE\spring-boot-2.2.2.RELEASE.jar;C:\Users\REMI\.m2\repository\org\springframework\boot\spring-boot-autoconfigure\2.2.2.RELEASE\spring-boot-autoconfigure-2.2.2.RELEASE.jar;C:\Users\REMI\.m2\repository\org\springframework\boot\spring-boot-starter-logging\2.2.2.RELEASE\spring-boot-starter-logging-2.2.2.RELEASE.jar;C:\Users\REMI\.m2\repository\ch\qos\logback\logback-classic\1.2.3\logback-classic-1.2.3.jar;C:\Users\REMI\.m2\repository\ch\qos\logback\logback-core\1.2.3\logback-core-1.2.3.jar;C:\Users\REMI\.m2\repository\org\apache\logging\log4j\log4j-to-slf4j\2.12.1\log4j-to-slf4j-2.12.1.jar;C:\Users\REMI\.m2\repository\org\apache\logging\log4j\log4j-api\2.12.1\log4j-api-2.12.1.jar;C:\Users\REMI\.m2\repository\org\slf4j\jul-to-slf4j\1.7.29\jul-to-slf4j-1.7.29.jar;C:\Users\REMI\.m2\repository\jakarta\annotation\jakarta.annotation-api\1.3.5\jakarta.annotation-api-1.3.5.jar;C:\Users\REMI\.m2\repository\org\yaml\snakeyaml\1.25\snakeyaml-1.25.jar;C:\Users\REMI\.m2\repository\org\springframework\boot\spring-boot-starter-json\2.2.2.RELEASE\spring-boot-starter-json-2.2.2.RELEASE.jar;C:\Users\REMI\.m2\repository\com\fasterxml\jackson\core\jackson-databind\2.10.1\jackson-databind-2.10.1.jar;C:\Users\REMI\.m2\repository\com\fasterxml\jackson\core\jackson-annotations\2.10.1\jackson-annotations-2.10.1.jar;C:\Users\REMI\.m2\repository\com\fasterxml\jackson\core\jackson-core\2.10.1\jackson-core-2.10.1.jar;C:\Users\REMI\.m2\repository\com\fasterxml\jackson\datatype\jackson-datatype-jdk8\2.10.1\jackson-datatype-jdk8-2.10.1.jar;C:\Users\REMI\.m2\repository\com\fasterxml\jackson\datatype\j
Launcher Type: SUN_STANDARD

[Global flags]
     intx CICompilerCount                          = 3                                         {product} {ergonomic}
     uint ConcGCThreads                            = 1                                         {product} {ergonomic}
     uint G1ConcRefinementThreads                  = 4                                         {product} {ergonomic}
   size_t G1HeapRegionSize                         = 1048576                                   {product} {ergonomic}
    uintx GCDrainStackTargetSize                   = 64                                        {product} {ergonomic}
   size_t InitialHeapSize                          = 134217728                                 {product} {ergonomic}
   size_t MarkStackSize                            = 4194304                                   {product} {ergonomic}
   size_t MaxHeapSize                              = 2139095040                                {product} {ergonomic}
   size_t MinHeapDeltaBytes                        = 1048576                                   {product} {ergonomic}
   size_t MinHeapSize                              = 8388608                                   {product} {ergonomic}
    uintx NonNMethodCodeHeapSize                   = 6973028                                {pd product} {ergonomic}
    uintx NonProfiledCodeHeapSize                  = 244685212                              {pd product} {ergonomic}
    uintx ProfiledCodeHeapSize                     = 0                                      {pd product} {ergonomic}
    uintx ReservedCodeCacheSize                    = 251658240                              {pd product} {ergonomic}
     bool SegmentedCodeCache                       = true                                      {product} {ergonomic}
   size_t SoftMaxHeapSize                          = 2139095040                             {manageable} {ergonomic}
     intx TieredStopAtLevel                        = 1                                         {product} {command line}
     bool UseCompressedClassPointers               = true                                 {lp64_product} {ergonomic}
     bool UseCompressedOops                        = true                                 {lp64_product} {ergonomic}
     bool UseG1GC                                  = true                                      {product} {ergonomic}
     bool UseLargePagesIndividualAllocation        = false                                  {pd product} {ergonomic}

Logging:
Log output configuration:
 #0: stdout all=warning uptime,level,tags
 #1: stderr all=off uptime,level,tags

Environment Variables:
JAVA_HOME=C:\Program Files\Java\jdk-14.0.1
PATH=C:\Program Files\Common Files\Microsoft Shared\Windows Live;C:\WINDOWS\system32;C:\WINDOWS;C:\WINDOWS\System32\Wbem;C:\WINDOWS\System32\WindowsPowerShell\v1.0\;C:\Program Files (x86)\ATI Technologies\ATI.ACE\Core-Static;C:\WINDOWS\System32\OpenSSH\;C:\Program Files (x86)\HP\Common\HPDestPlgIn\;C:\coding\nodejs\;C:\Program Files\Git\cmd;%JAVA_HOME%\bin;C:\coding\apache-maven-3.6.3\bin;C:\Program Files\Common Files\Microsoft Shared\Windows Live;C:\Users\REMI\AppData\Local\Microsoft\WindowsApps;C:\Users\REMI\AppData\Local\Microsoft\WindowsApps;C:\Program Files (x86)\HP\Common\HPDestPlgIn\;C:\Users\REMI\AppData\Roaming\npm;C:\Users\REMI\AppData\Local\Programs\Microsoft VS Code\bin
USERNAME=REMI
OS=Windows_NT
PROCESSOR_IDENTIFIER=Intel64 Family 6 Model 58 Stepping 9, GenuineIntel



---------------  S Y S T E M  ---------------

OS: Windows 10 , 64 bit Build 18362 (10.0.18362.959)
OS uptime: 1 days 2:55 hours

CPU:total 4 (initial active 4) (4 cores per cpu, 1 threads per core) family 6 model 58 stepping 9, cmov, cx8, fxsr, mmx, sse, sse2, sse3, ssse3, sse4.1, sse4.2, popcnt, avx, aes, clmul, erms, tsc, tscinvbit, tscinv

Memory: 4k page, system-wide physical 8159M (2033M free)
TotalPageFile size 9183M (AvailPageFile size 102M)
current process WorkingSet (physical memory assigned to process): 10M, peak: 10M
current process commit charge ("private bytes"): 49M, peak: 177M

vm_info: Java HotSpot(TM) 64-Bit Server VM (14.0.1+7) for windows-amd64 JRE (14.0.1+7), built on Mar  5 2020 10:30:14 by "mach5one" with MS VC++ 15.9 (VS2017)

END.
